<?xml version="1.0" encoding="UTF-8"?>
<coverage generated="1698702530011" clover="3.2.0">
  <project timestamp="1698702530011" name="All files">
    <metrics statements="8" coveredstatements="8" conditionals="2" coveredconditionals="1" methods="3" coveredmethods="3" elements="13" coveredelements="12" complexity="0" loc="8" ncloc="8" packages="1" files="2" classes="2"/>
    <file name="default.js" path="C:\Users\Usuario\Documents\practica\MyExamNodeApp\routes\default.js">
      <metrics statements="4" coveredstatements="4" conditionals="2" coveredconditionals="1" methods="3" coveredmethods="3"/>
      <line num="2" count="2" type="stmt"/>
      <line num="6" count="2" type="stmt"/>
      <line num="10" count="2" type="cond" truecount="1" falsecount="1"/>
      <line num="11" count="2" type="stmt"/>
    </file>
    <file name="main.js" path="C:\Users\Usuario\Documents\practica\MyExamNodeApp\routes\main.js">
      <metrics statements="4" coveredstatements="4" conditionals="0" coveredconditionals="0" methods="0" coveredmethods="0"/>
      <line num="4" count="1" type="stmt"/>
      <line num="6" count="1" type="stmt"/>
      <line num="7" count="1" type="stmt"/>
      <line num="8" count="1" type="stmt"/>
    </file>
  </project>
</coverage>
